android-app/app/build/intermediates/manifest_merge_blame_file/debug/processDebugMainManifest/manifest-merger-blame-debug-report.txt
1<?xml version="1.0" encoding="utf-8"?>
2<manifest xmlns:android="http://schemas.android.com/apk/res/android"
3    package="com.drahms.vision.astronomy"
4    android:versionCode="1"
5    android:versionName="1.0" >
6
7    <uses-sdk
8        android:minSdkVersion="33"
9        android:targetSdkVersion="36" />
10
11    <uses-permission android:name="android.permission.CAMERA" />
11-->src\main\AndroidManifest.xml:5:5-65
11-->src\main\AndroidManifest.xml:5:22-62
12    <uses-permission android:name="android.permission.INTERNET" />
12-->src\main\AndroidManifest.xml:6:5-67
12-->src\main\AndroidManifest.xml:6:22-64
13    <uses-permission android:name="android.permission.ACCESS_NETWORK_STATE" />
13-->src\main\AndroidManifest.xml:7:5-79
13-->src\main\AndroidManifest.xml:7:22-76
14    <uses-permission android:name="android.permission.ACCESS_FINE_LOCATION" />
14-->src\main\AndroidManifest.xml:8:5-79
14-->src\main\AndroidManifest.xml:8:22-76
15    <uses-permission android:name="android.permission.ACCESS_COARSE_LOCATION" />
15-->src\main\AndroidManifest.xml:9:5-81
15-->src\main\AndroidManifest.xml:9:22-78
16    <uses-permission android:name="android.permission.ACCESS_WIFI_STATE" />
16-->src\main\AndroidManifest.xml:10:5-76
16-->src\main\AndroidManifest.xml:10:22-73
17    <uses-permission android:name="android.permission.WRITE_EXTERNAL_STORAGE" />
17-->src\main\AndroidManifest.xml:11:5-81
17-->src\main\AndroidManifest.xml:11:22-78
18    <uses-permission android:name="android.permission.READ_EXTERNAL_STORAGE" />
18-->src\main\AndroidManifest.xml:12:5-80
18-->src\main\AndroidManifest.xml:12:22-77
19    <uses-permission android:name="android.permission.ACCESS_BACKGROUND_LOCATION" />
19-->src\main\AndroidManifest.xml:13:5-85
19-->src\main\AndroidManifest.xml:13:22-82
20    <uses-permission android:name="android.permission.RECORD_AUDIO" />
20-->src\main\AndroidManifest.xml:14:5-71
20-->src\main\AndroidManifest.xml:14:22-68
21
22    <!-- Sensor permissions -->
23    <uses-feature
23-->src\main\AndroidManifest.xml:17:5-98
24        android:name="android.hardware.sensor.accelerometer"
24-->src\main\AndroidManifest.xml:17:19-71
25        android:required="true" />
25-->src\main\AndroidManifest.xml:17:72-95
26    <uses-feature
26-->src\main\AndroidManifest.xml:18:5-94
27        android:name="android.hardware.sensor.gyroscope"
27-->src\main\AndroidManifest.xml:18:19-67
28        android:required="true" />
28-->src\main\AndroidManifest.xml:18:68-91
29    <uses-feature
29-->src\main\AndroidManifest.xml:19:5-92
30        android:name="android.hardware.sensor.compass"
30-->src\main\AndroidManifest.xml:19:19-65
31        android:required="true" />
31-->src\main\AndroidManifest.xml:19:66-89
32    <uses-feature
32-->src\main\AndroidManifest.xml:21:5-84
33        android:name="android.hardware.camera"
33-->src\main\AndroidManifest.xml:21:19-57
34        android:required="true" />
34-->src\main\AndroidManifest.xml:21:58-81
35    <uses-feature
35-->src\main\AndroidManifest.xml:22:5-95
36        android:name="android.hardware.camera.autofocus"
36-->src\main\AndroidManifest.xml:22:19-67
37        android:required="false" />
37-->src\main\AndroidManifest.xml:22:68-92
38
39    <queries>
39-->[androidx.camera:camera-extensions:1.3.1] AndroidManifest.xml:22:5-26:15
40        <intent>
40-->[androidx.camera:camera-extensions:1.3.1] AndroidManifest.xml:23:9-25:18
41            <action android:name="androidx.camera.extensions.action.VENDOR_ACTION" />
41-->[androidx.camera:camera-extensions:1.3.1] AndroidManifest.xml:24:13-86
41-->[androidx.camera:camera-extensions:1.3.1] AndroidManifest.xml:24:21-83
42        </intent>
43    </queries>
44
45    <permission
45-->[androidx.core:core:1.17.0] AndroidManifest.xml:22:5-24:47
46        android:name="com.drahms.vision.astronomy.DYNAMIC_RECEIVER_NOT_EXPORTED_PERMISSION"
46-->[androidx.core:core:1.17.0] AndroidManifest.xml:23:9-81
47        android:protectionLevel="signature" />
47-->[androidx.core:core:1.17.0] AndroidManifest.xml:24:9-44
48
49    <uses-permission android:name="com.drahms.vision.astronomy.DYNAMIC_RECEIVER_NOT_EXPORTED_PERMISSION" />
49-->[androidx.core:core:1.17.0] AndroidManifest.xml:26:5-97
49-->[androidx.core:core:1.17.0] AndroidManifest.xml:26:22-94
50
51    <application
51-->src\main\AndroidManifest.xml:24:5-56:19
52        android:allowBackup="true"
52-->src\main\AndroidManifest.xml:25:9-35
53        android:appComponentFactory="androidx.core.app.CoreComponentFactory"
53-->[androidx.core:core:1.17.0] AndroidManifest.xml:28:18-86
54        android:dataExtractionRules="@xml/data_extraction_rules"
54-->src\main\AndroidManifest.xml:26:9-65
55        android:debuggable="true"
56        android:extractNativeLibs="false"
57        android:fullBackupContent="@xml/backup_rules"
57-->src\main\AndroidManifest.xml:27:9-54
58        android:icon="@mipmap/ic_launcher"
58-->src\main\AndroidManifest.xml:28:9-43
59        android:label="@string/app_name"
59-->src\main\AndroidManifest.xml:29:9-41
60        android:roundIcon="@mipmap/ic_launcher_round"
60-->src\main\AndroidManifest.xml:30:9-54
61        android:supportsRtl="true"
61-->src\main\AndroidManifest.xml:31:9-35
62        android:theme="@style/Theme.DrahmsVisionAstronomy" >
62-->src\main\AndroidManifest.xml:32:9-59
63
64        <!-- Video Streaming Service -->
65        <service
65-->src\main\AndroidManifest.xml:36:9-40:54
66            android:name="com.drahms.vision.astronomy.camera.VideoStreamingService"
66-->src\main\AndroidManifest.xml:37:13-57
67            android:enabled="true"
67-->src\main\AndroidManifest.xml:38:13-35
68            android:exported="false"
68-->src\main\AndroidManifest.xml:39:13-37
69            android:foregroundServiceType="camera" />
69-->src\main\AndroidManifest.xml:40:13-51
70
71        <activity
71-->src\main\AndroidManifest.xml:42:9-50:20
72            android:name="com.drahms.vision.astronomy.MainActivity"
72-->src\main\AndroidManifest.xml:43:13-41
73            android:exported="true"
73-->src\main\AndroidManifest.xml:44:13-36
74            android:theme="@style/Theme.DrahmsVisionAstronomy" >
74-->src\main\AndroidManifest.xml:45:13-63
75            <intent-filter>
75-->src\main\AndroidManifest.xml:46:13-49:29
76                <action android:name="android.intent.action.MAIN" />
76-->src\main\AndroidManifest.xml:47:17-69
76-->src\main\AndroidManifest.xml:47:25-66
77
78                <category android:name="android.intent.category.LAUNCHER" />
78-->src\main\AndroidManifest.xml:48:17-77
78-->src\main\AndroidManifest.xml:48:27-74
79            </intent-filter>
80        </activity>
81        <activity
81-->src\main\AndroidManifest.xml:52:9-55:52
82            android:name="com.drahms.vision.astronomy.CameraActivity"
82-->src\main\AndroidManifest.xml:53:13-43
83            android:exported="false"
83-->src\main\AndroidManifest.xml:54:13-37
84            android:screenOrientation="portrait" />
84-->src\main\AndroidManifest.xml:55:13-49
85
86        <uses-library
86-->[androidx.camera:camera-extensions:1.3.1] AndroidManifest.xml:29:9-31:40
87            android:name="androidx.camera.extensions.impl"
87-->[androidx.camera:camera-extensions:1.3.1] AndroidManifest.xml:30:13-59
88            android:required="false" />
88-->[androidx.camera:camera-extensions:1.3.1] AndroidManifest.xml:31:13-37
89
90        <service
90-->[androidx.camera:camera-camera2:1.3.1] AndroidManifest.xml:24:9-33:19
91            android:name="androidx.camera.core.impl.MetadataHolderService"
91-->[androidx.camera:camera-camera2:1.3.1] AndroidManifest.xml:25:13-75
92            android:enabled="false"
92-->[androidx.camera:camera-camera2:1.3.1] AndroidManifest.xml:26:13-36
93            android:exported="false" >
93-->[androidx.camera:camera-camera2:1.3.1] AndroidManifest.xml:27:13-37
94            <meta-data
94-->[androidx.camera:camera-camera2:1.3.1] AndroidManifest.xml:30:13-32:89
95                android:name="androidx.camera.core.impl.MetadataHolderService.DEFAULT_CONFIG_PROVIDER"
95-->[androidx.camera:camera-camera2:1.3.1] AndroidManifest.xml:31:17-103
96                android:value="androidx.camera.camera2.Camera2Config$DefaultProvider" />
96-->[androidx.camera:camera-camera2:1.3.1] AndroidManifest.xml:32:17-86
97        </service>
98
99        <activity
99-->[com.google.android.gms:play-services-base:18.1.0] AndroidManifest.xml:20:9-22:45
100            android:name="com.google.android.gms.common.api.GoogleApiActivity"
100-->[com.google.android.gms:play-services-base:18.1.0] AndroidManifest.xml:20:19-85
101            android:exported="false"
101-->[com.google.android.gms:play-services-base:18.1.0] AndroidManifest.xml:22:19-43
102            android:theme="@android:style/Theme.Translucent.NoTitleBar" />
102-->[com.google.android.gms:play-services-base:18.1.0] AndroidManifest.xml:21:19-78
103
104        <meta-data
104-->[com.google.android.gms:play-services-basement:18.1.0] AndroidManifest.xml:21:9-23:69
105            android:name="com.google.android.gms.version"
105-->[com.google.android.gms:play-services-basement:18.1.0] AndroidManifest.xml:22:13-58
106            android:value="@integer/google_play_services_version" />
106-->[com.google.android.gms:play-services-basement:18.1.0] AndroidManifest.xml:23:13-66
107
108        <provider
108-->[androidx.emoji2:emoji2:1.3.0] AndroidManifest.xml:24:9-32:20
109            android:name="androidx.startup.InitializationProvider"
109-->[androidx.emoji2:emoji2:1.3.0] AndroidManifest.xml:25:13-67
110            android:authorities="com.drahms.vision.astronomy.androidx-startup"
110-->[androidx.emoji2:emoji2:1.3.0] AndroidManifest.xml:26:13-68
111            android:exported="false" >
111-->[androidx.emoji2:emoji2:1.3.0] AndroidManifest.xml:27:13-37
112            <meta-data
112-->[androidx.emoji2:emoji2:1.3.0] AndroidManifest.xml:29:13-31:52
113                android:name="androidx.emoji2.text.EmojiCompatInitializer"
113-->[androidx.emoji2:emoji2:1.3.0] AndroidManifest.xml:30:17-75
114                android:value="androidx.startup" />
114-->[androidx.emoji2:emoji2:1.3.0] AndroidManifest.xml:31:17-49
115            <meta-data
115-->[androidx.lifecycle:lifecycle-process:2.7.0] AndroidManifest.xml:29:13-31:52
116                android:name="androidx.lifecycle.ProcessLifecycleInitializer"
116-->[androidx.lifecycle:lifecycle-process:2.7.0] AndroidManifest.xml:30:17-78
117                android:value="androidx.startup" />
117-->[androidx.lifecycle:lifecycle-process:2.7.0] AndroidManifest.xml:31:17-49
118            <meta-data
118-->[androidx.profileinstaller:profileinstaller:1.4.0] AndroidManifest.xml:29:13-31:52
119                android:name="androidx.profileinstaller.ProfileInstallerInitializer"
119-->[androidx.profileinstaller:profileinstaller:1.4.0] AndroidManifest.xml:30:17-85
120                android:value="androidx.startup" />
120-->[androidx.profileinstaller:profileinstaller:1.4.0] AndroidManifest.xml:31:17-49
121        </provider>
122
123        <receiver
123-->[androidx.profileinstaller:profileinstaller:1.4.0] AndroidManifest.xml:34:9-52:20
124            android:name="androidx.profileinstaller.ProfileInstallReceiver"
124-->[androidx.profileinstaller:profileinstaller:1.4.0] AndroidManifest.xml:35:13-76
125            android:directBootAware="false"
125-->[androidx.profileinstaller:profileinstaller:1.4.0] AndroidManifest.xml:36:13-44
126            android:enabled="true"
126-->[androidx.profileinstaller:profileinstaller:1.4.0] AndroidManifest.xml:37:13-35
127            android:exported="true"
127-->[androidx.profileinstaller:profileinstaller:1.4.0] AndroidManifest.xml:38:13-36
128            android:permission="android.permission.DUMP" >
128-->[androidx.profileinstaller:profileinstaller:1.4.0] AndroidManifest.xml:39:13-57
129            <intent-filter>
129-->[androidx.profileinstaller:profileinstaller:1.4.0] AndroidManifest.xml:40:13-42:29
130                <action android:name="androidx.profileinstaller.action.INSTALL_PROFILE" />
130-->[androidx.profileinstaller:profileinstaller:1.4.0] AndroidManifest.xml:41:17-91
130-->[androidx.profileinstaller:profileinstaller:1.4.0] AndroidManifest.xml:41:25-88
131            </intent-filter>
132            <intent-filter>
132-->[androidx.profileinstaller:profileinstaller:1.4.0] AndroidManifest.xml:43:13-45:29
133                <action android:name="androidx.profileinstaller.action.SKIP_FILE" />
133-->[androidx.profileinstaller:profileinstaller:1.4.0] AndroidManifest.xml:44:17-85
133-->[androidx.profileinstaller:profileinstaller:1.4.0] AndroidManifest.xml:44:25-82
134            </intent-filter>
135            <intent-filter>
135-->[androidx.profileinstaller:profileinstaller:1.4.0] AndroidManifest.xml:46:13-48:29
136                <action android:name="androidx.profileinstaller.action.SAVE_PROFILE" />
136-->[androidx.profileinstaller:profileinstaller:1.4.0] AndroidManifest.xml:47:17-88
136-->[androidx.profileinstaller:profileinstaller:1.4.0] AndroidManifest.xml:47:25-85
137            </intent-filter>
138            <intent-filter>
138-->[androidx.profileinstaller:profileinstaller:1.4.0] AndroidManifest.xml:49:13-51:29
139                <action android:name="androidx.profileinstaller.action.BENCHMARK_OPERATION" />
139-->[androidx.profileinstaller:profileinstaller:1.4.0] AndroidManifest.xml:50:17-95
139-->[androidx.profileinstaller:profileinstaller:1.4.0] AndroidManifest.xml:50:25-92
140            </intent-filter>
141        </receiver>
142    </application>
143
144</manifest>